<?xml version="1.0" encoding="UTF-8"?>
<!-- Generated by org.testng.reporters.JUnitReportReporter -->
<testsuite hostname="ANSH" failures="0" tests="1" name="com.ShoppersStack.testScripts.Verify_user_is_able_to_add_address_or_not_Test" time="21.747" errors="0" timestamp="2024-05-27T11:02:39 IST" skipped="0">
  <testcase classname="com.ShoppersStack.testScripts.Verify_user_is_able_to_add_address_or_not_Test" name="addAddress" time="21.747"/>
</testsuite> <!-- com.ShoppersStack.testScripts.Verify_user_is_able_to_add_address_or_not_Test -->
