<?xml version="1.0" encoding="UTF-8"?>
<!-- Generated by org.testng.reporters.JUnitReportReporter -->
<testsuite hostname="ANSH" failures="0" tests="1" name="com.ShoppersStack.testScripts.Verify_user_is_able_to_delete_address_or_not_Test" time="21.856" errors="0" timestamp="2024-05-27T11:03:27 IST" skipped="0">
  <testcase classname="com.ShoppersStack.testScripts.Verify_user_is_able_to_delete_address_or_not_Test" name="deleteAddress" time="21.856"/>
</testsuite> <!-- com.ShoppersStack.testScripts.Verify_user_is_able_to_delete_address_or_not_Test -->
