<?xml version="1.0" encoding="UTF-8"?>
<!-- Generated by org.testng.reporters.JUnitReportReporter -->
<testsuite hostname="ANSH" failures="0" tests="1" name="com.ShoppersStack.testScripts.Verify_user_is_able_to_add_address_or_not_Test" time="84.521" errors="0" timestamp="2024-06-01T14:20:24 IST" skipped="0">
  <testcase classname="com.ShoppersStack.testScripts.Verify_user_is_able_to_add_address_or_not_Test" name="addAddress" time="84.521"/>
</testsuite> <!-- com.ShoppersStack.testScripts.Verify_user_is_able_to_add_address_or_not_Test -->
