<?xml version="1.0" encoding="UTF-8"?>
<!-- Generated by org.testng.reporters.JUnitReportReporter -->
<testsuite hostname="ANSH" failures="0" tests="1" name="com.ShoppersStack.testScripts.Verify_user_is_able_to_add_address_or_not" time="38.708" errors="0" timestamp="2024-05-26T10:42:35 IST" skipped="0">
  <testcase classname="com.ShoppersStack.testScripts.Verify_user_is_able_to_add_address_or_not" name="addAddress" time="38.708"/>
</testsuite> <!-- com.ShoppersStack.testScripts.Verify_user_is_able_to_add_address_or_not -->
